# JRE version: OpenJDK Runtime Environment (21.0.9) (build 21.0.9+-14649483-b1163.86)
# Java VM: OpenJDK 64-Bit Server VM (21.0.9+-14649483-b1163.86, mixed mode, tiered, compressed oops, compressed class ptrs, parallel gc, windows-amd64)
GC Precious Log:
 CardTable entry size: 512
 CPUs: 16 total, 16 available
 Memory: 16014M
 Large Page Support: Disabled
 NUMA Support: Disabled
 Compressed Oops: Enabled (Zero based)
 Alignments: Space 512K, Generation 512K, Heap 2M
 Heap Min Capacity: 8M
 Heap Initial Capacity: 252M
 Heap Max Capacity: 8G
 Pre-touch: Disabled
 Parallel Workers: 13
Heap:
 PSYoungGen      total 270848K, used 50251K [0x000000057ff80000, 0x0000000595800000, 0x000000062aa00000)
  eden space 246272K, 12% used [0x000000057ff80000,0x0000000581dc4d10,0x000000058f000000)
  from space 24576K, 78% used [0x000000058f000000,0x00000005902ce288,0x0000000590800000)
  to   space 26112K, 0% used [0x0000000593e80000,0x0000000593e80000,0x0000000595800000)
 ParOldGen       total 286208K, used 285896K [0x000000042aa00000, 0x000000043c180000, 0x000000057ff80000)
  object space 286208K, 99% used [0x000000042aa00000,0x000000043c132150,0x000000043c180000)
 Metaspace       used 141286K, committed 143808K, reserved 1179648K
  class space    used 19305K, committed 20480K, reserved 1048576K
GC Heap History (20 events):
Event: 39.588 GC heap before
{Heap before GC invocations=38 (full 4):
 PSYoungGen      total 115200K, used 114746K [0x000000057ff80000, 0x0000000589f00000, 0x000000062aa00000)
  eden space 106496K, 100% used [0x000000057ff80000,0x0000000586780000,0x0000000586780000)
  from space 8704K, 94% used [0x0000000587a00000,0x000000058820e990,0x0000000588280000)
  to   space 21504K, 0% used [0x0000000588a00000,0x0000000588a00000,0x0000000589f00000)
 ParOldGen       total 182784K, used 182431K [0x000000042aa00000, 0x0000000435c80000, 0x000000057ff80000)
  object space 182784K, 99% used [0x000000042aa00000,0x0000000435c27cf8,0x0000000435c80000)
 Metaspace       used 123720K, committed 125888K, reserved 1179648K
  class space    used 17368K, committed 18368K, reserved 1048576K
}
Event: 39.594 GC heap after
{Heap after GC invocations=38 (full 4):
 PSYoungGen      total 111616K, used 7932K [0x000000057ff80000, 0x0000000589200000, 0x000000062aa00000)
  eden space 103424K, 0% used [0x000000057ff80000,0x000000057ff80000,0x0000000586480000)
  from space 8192K, 96% used [0x0000000588a00000,0x00000005891bf340,0x0000000589200000)
  to   space 20992K, 0% used [0x0000000586900000,0x0000000586900000,0x0000000587d80000)
 ParOldGen       total 187904K, used 187871K [0x000000042aa00000, 0x0000000436180000, 0x000000057ff80000)
  object space 187904K, 99% used [0x000000042aa00000,0x0000000436177da8,0x0000000436180000)
 Metaspace       used 123720K, committed 125888K, reserved 1179648K
  class space    used 17368K, committed 18368K, reserved 1048576K
}
Event: 39.850 GC heap before
{Heap before GC invocations=39 (full 4):
 PSYoungGen      total 111616K, used 111356K [0x000000057ff80000, 0x0000000589200000, 0x000000062aa00000)
  eden space 103424K, 100% used [0x000000057ff80000,0x0000000586480000,0x0000000586480000)
  from space 8192K, 96% used [0x0000000588a00000,0x00000005891bf340,0x0000000589200000)
  to   space 20992K, 0% used [0x0000000586900000,0x0000000586900000,0x0000000587d80000)
 ParOldGen       total 187904K, used 187871K [0x000000042aa00000, 0x0000000436180000, 0x000000057ff80000)
  object space 187904K, 99% used [0x000000042aa00000,0x0000000436177da8,0x0000000436180000)
 Metaspace       used 123926K, committed 126208K, reserved 1179648K
  class space    used 17387K, committed 18432K, reserved 1048576K
}
Event: 39.855 GC heap after
{Heap after GC invocations=39 (full 4):
 PSYoungGen      total 129024K, used 8032K [0x000000057ff80000, 0x000000058a600000, 0x000000062aa00000)
  eden space 108032K, 0% used [0x000000057ff80000,0x000000057ff80000,0x0000000586900000)
  from space 20992K, 38% used [0x0000000586900000,0x00000005870d8010,0x0000000587d80000)
  to   space 20480K, 0% used [0x0000000589200000,0x0000000589200000,0x000000058a600000)
 ParOldGen       total 193024K, used 192995K [0x000000042aa00000, 0x0000000436680000, 0x000000057ff80000)
  object space 193024K, 99% used [0x000000042aa00000,0x0000000436678dd8,0x0000000436680000)
 Metaspace       used 123926K, committed 126208K, reserved 1179648K
  class space    used 17387K, committed 18432K, reserved 1048576K
}
Event: 40.241 GC heap before
{Heap before GC invocations=40 (full 4):
 PSYoungGen      total 129024K, used 116064K [0x000000057ff80000, 0x000000058a600000, 0x000000062aa00000)
  eden space 108032K, 100% used [0x000000057ff80000,0x0000000586900000,0x0000000586900000)
  from space 20992K, 38% used [0x0000000586900000,0x00000005870d8010,0x0000000587d80000)
  to   space 20480K, 0% used [0x0000000589200000,0x0000000589200000,0x000000058a600000)
 ParOldGen       total 193024K, used 192995K [0x000000042aa00000, 0x0000000436680000, 0x000000057ff80000)
  object space 193024K, 99% used [0x000000042aa00000,0x0000000436678dd8,0x0000000436680000)
 Metaspace       used 124194K, committed 126464K, reserved 1179648K
  class space    used 17419K, committed 18432K, reserved 1048576K
}
Event: 40.249 GC heap after
{Heap after GC invocations=40 (full 4):
 PSYoungGen      total 150528K, used 11378K [0x000000057ff80000, 0x000000058aa80000, 0x000000062aa00000)
  eden space 130048K, 0% used [0x000000057ff80000,0x000000057ff80000,0x0000000587e80000)
  from space 20480K, 55% used [0x0000000589200000,0x0000000589d1c818,0x000000058a600000)
  to   space 19968K, 0% used [0x0000000587e80000,0x0000000587e80000,0x0000000589200000)
 ParOldGen       total 198656K, used 198315K [0x000000042aa00000, 0x0000000436c00000, 0x000000057ff80000)
  object space 198656K, 99% used [0x000000042aa00000,0x0000000436baade8,0x0000000436c00000)
 Metaspace       used 124194K, committed 126464K, reserved 1179648K
  class space    used 17419K, committed 18432K, reserved 1048576K
}
Event: 40.572 GC heap before
{Heap before GC invocations=41 (full 4):
 PSYoungGen      total 150528K, used 141426K [0x000000057ff80000, 0x000000058aa80000, 0x000000062aa00000)
  eden space 130048K, 100% used [0x000000057ff80000,0x0000000587e80000,0x0000000587e80000)
  from space 20480K, 55% used [0x0000000589200000,0x0000000589d1c818,0x000000058a600000)
  to   space 19968K, 0% used [0x0000000587e80000,0x0000000587e80000,0x0000000589200000)
 ParOldGen       total 198656K, used 198315K [0x000000042aa00000, 0x0000000436c00000, 0x000000057ff80000)
  object space 198656K, 99% used [0x000000042aa00000,0x0000000436baade8,0x0000000436c00000)
 Metaspace       used 124513K, committed 126784K, reserved 1179648K
  class space    used 17456K, committed 18496K, reserved 1048576K
}
Event: 40.579 GC heap after
{Heap after GC invocations=41 (full 4):
 PSYoungGen      total 150016K, used 9892K [0x000000057ff80000, 0x000000058c380000, 0x000000062aa00000)
  eden space 130048K, 0% used [0x000000057ff80000,0x000000057ff80000,0x0000000587e80000)
  from space 19968K, 49% used [0x0000000587e80000,0x0000000588829088,0x0000000589200000)
  to   space 18944K, 0% used [0x000000058b100000,0x000000058b100000,0x000000058c380000)
 ParOldGen       total 207360K, used 206923K [0x000000042aa00000, 0x0000000437480000, 0x000000057ff80000)
  object space 207360K, 99% used [0x000000042aa00000,0x0000000437412cb8,0x0000000437480000)
 Metaspace       used 124513K, committed 126784K, reserved 1179648K
  class space    used 17456K, committed 18496K, reserved 1048576K
}
Event: 40.931 GC heap before
{Heap before GC invocations=42 (full 4):
 PSYoungGen      total 150016K, used 139940K [0x000000057ff80000, 0x000000058c380000, 0x000000062aa00000)
  eden space 130048K, 100% used [0x000000057ff80000,0x0000000587e80000,0x0000000587e80000)
  from space 19968K, 49% used [0x0000000587e80000,0x0000000588829088,0x0000000589200000)
  to   space 18944K, 0% used [0x000000058b100000,0x000000058b100000,0x000000058c380000)
 ParOldGen       total 207360K, used 206923K [0x000000042aa00000, 0x0000000437480000, 0x000000057ff80000)
  object space 207360K, 99% used [0x000000042aa00000,0x0000000437412cb8,0x0000000437480000)
 Metaspace       used 124706K, committed 126976K, reserved 1179648K
  class space    used 17475K, committed 18496K, reserved 1048576K
}
Event: 40.940 GC heap after
{Heap after GC invocations=42 (full 4):
 PSYoungGen      total 180736K, used 8551K [0x000000057ff80000, 0x000000058c280000, 0x000000062aa00000)
  eden space 162816K, 0% used [0x000000057ff80000,0x000000057ff80000,0x0000000589e80000)
  from space 17920K, 47% used [0x000000058b100000,0x000000058b959c40,0x000000058c280000)
  to   space 18432K, 0% used [0x0000000589e80000,0x0000000589e80000,0x000000058b080000)
 ParOldGen       total 214528K, used 214035K [0x000000042aa00000, 0x0000000437b80000, 0x000000057ff80000)
  object space 214528K, 99% used [0x000000042aa00000,0x0000000437b04cf8,0x0000000437b80000)
 Metaspace       used 124706K, committed 126976K, reserved 1179648K
  class space    used 17475K, committed 18496K, reserved 1048576K
}
Event: 41.721 GC heap before
{Heap before GC invocations=43 (full 4):
 PSYoungGen      total 180736K, used 171367K [0x000000057ff80000, 0x000000058c280000, 0x000000062aa00000)
  eden space 162816K, 100% used [0x000000057ff80000,0x0000000589e80000,0x0000000589e80000)
  from space 17920K, 47% used [0x000000058b100000,0x000000058b959c40,0x000000058c280000)
  to   space 18432K, 0% used [0x0000000589e80000,0x0000000589e80000,0x000000058b080000)
 ParOldGen       total 214528K, used 214035K [0x000000042aa00000, 0x0000000437b80000, 0x000000057ff80000)
  object space 214528K, 99% used [0x000000042aa00000,0x0000000437b04cf8,0x0000000437b80000)
 Metaspace       used 127555K, committed 129920K, reserved 1179648K
  class space    used 17828K, committed 18944K, reserved 1048576K
}
Event: 41.732 GC heap after
{Heap after GC invocations=43 (full 4):
 PSYoungGen      total 181248K, used 18409K [0x000000057ff80000, 0x000000058ee80000, 0x000000062aa00000)
  eden space 162816K, 0% used [0x000000057ff80000,0x000000057ff80000,0x0000000589e80000)
  from space 18432K, 99% used [0x0000000589e80000,0x000000058b07a488,0x000000058b080000)
  to   space 20480K, 0% used [0x000000058da80000,0x000000058da80000,0x000000058ee80000)
 ParOldGen       total 220160K, used 219819K [0x000000042aa00000, 0x0000000438100000, 0x000000057ff80000)
  object space 220160K, 99% used [0x000000042aa00000,0x00000004380aad48,0x0000000438100000)
 Metaspace       used 127555K, committed 129920K, reserved 1179648K
  class space    used 17828K, committed 18944K, reserved 1048576K
}
Event: 43.476 GC heap before
{Heap before GC invocations=44 (full 4):
 PSYoungGen      total 181248K, used 181225K [0x000000057ff80000, 0x000000058ee80000, 0x000000062aa00000)
  eden space 162816K, 100% used [0x000000057ff80000,0x0000000589e80000,0x0000000589e80000)
  from space 18432K, 99% used [0x0000000589e80000,0x000000058b07a488,0x000000058b080000)
  to   space 20480K, 0% used [0x000000058da80000,0x000000058da80000,0x000000058ee80000)
 ParOldGen       total 220160K, used 219819K [0x000000042aa00000, 0x0000000438100000, 0x000000057ff80000)
  object space 220160K, 99% used [0x000000042aa00000,0x00000004380aad48,0x0000000438100000)
 Metaspace       used 136558K, committed 139008K, reserved 1179648K
  class space    used 19006K, committed 20160K, reserved 1048576K
}
Event: 43.493 GC heap after
{Heap after GC invocations=44 (full 4):
 PSYoungGen      total 222208K, used 18998K [0x000000057ff80000, 0x000000058f280000, 0x000000062aa00000)
  eden space 201728K, 0% used [0x000000057ff80000,0x000000057ff80000,0x000000058c480000)
  from space 20480K, 92% used [0x000000058da80000,0x000000058ed0d8b0,0x000000058ee80000)
  to   space 22528K, 0% used [0x000000058c480000,0x000000058c480000,0x000000058da80000)
 ParOldGen       total 238592K, used 238151K [0x000000042aa00000, 0x0000000439300000, 0x000000057ff80000)
  object space 238592K, 99% used [0x000000042aa00000,0x0000000439291eb0,0x0000000439300000)
 Metaspace       used 136558K, committed 139008K, reserved 1179648K
  class space    used 19006K, committed 20160K, reserved 1048576K
}
Event: 44.556 GC heap before
{Heap before GC invocations=45 (full 4):
 PSYoungGen      total 222208K, used 220726K [0x000000057ff80000, 0x000000058f280000, 0x000000062aa00000)
  eden space 201728K, 100% used [0x000000057ff80000,0x000000058c480000,0x000000058c480000)
  from space 20480K, 92% used [0x000000058da80000,0x000000058ed0d8b0,0x000000058ee80000)
  to   space 22528K, 0% used [0x000000058c480000,0x000000058c480000,0x000000058da80000)
 ParOldGen       total 238592K, used 238151K [0x000000042aa00000, 0x0000000439300000, 0x000000057ff80000)
  object space 238592K, 99% used [0x000000042aa00000,0x0000000439291eb0,0x0000000439300000)
 Metaspace       used 140479K, committed 142912K, reserved 1179648K
  class space    used 19260K, committed 20416K, reserved 1048576K
}
Event: 44.578 GC heap after
{Heap after GC invocations=45 (full 4):
 PSYoungGen      total 224256K, used 22313K [0x000000057ff80000, 0x0000000592200000, 0x000000062aa00000)
  eden space 201728K, 0% used [0x000000057ff80000,0x000000057ff80000,0x000000058c480000)
  from space 22528K, 99% used [0x000000058c480000,0x000000058da4a4d8,0x000000058da80000)
  to   space 25600K, 0% used [0x0000000590900000,0x0000000590900000,0x0000000592200000)
 ParOldGen       total 257024K, used 256806K [0x000000042aa00000, 0x000000043a500000, 0x000000057ff80000)
  object space 257024K, 99% used [0x000000042aa00000,0x000000043a4c98e8,0x000000043a500000)
 Metaspace       used 140479K, committed 142912K, reserved 1179648K
  class space    used 19260K, committed 20416K, reserved 1048576K
}
Event: 45.068 GC heap before
{Heap before GC invocations=46 (full 4):
 PSYoungGen      total 224256K, used 224041K [0x000000057ff80000, 0x0000000592200000, 0x000000062aa00000)
  eden space 201728K, 100% used [0x000000057ff80000,0x000000058c480000,0x000000058c480000)
  from space 22528K, 99% used [0x000000058c480000,0x000000058da4a4d8,0x000000058da80000)
  to   space 25600K, 0% used [0x0000000590900000,0x0000000590900000,0x0000000592200000)
 ParOldGen       total 257024K, used 256806K [0x000000042aa00000, 0x000000043a500000, 0x000000057ff80000)
  object space 257024K, 99% used [0x000000042aa00000,0x000000043a4c98e8,0x000000043a500000)
 Metaspace       used 141073K, committed 143552K, reserved 1179648K
  class space    used 19287K, committed 20416K, reserved 1048576K
}
Event: 45.085 GC heap after
{Heap after GC invocations=46 (full 4):
 PSYoungGen      total 269824K, used 13610K [0x000000057ff80000, 0x0000000592000000, 0x000000062aa00000)
  eden space 246272K, 0% used [0x000000057ff80000,0x000000057ff80000,0x000000058f000000)
  from space 23552K, 57% used [0x0000000590900000,0x000000059164ab18,0x0000000592000000)
  to   space 24576K, 0% used [0x000000058f000000,0x000000058f000000,0x0000000590800000)
 ParOldGen       total 275456K, used 275381K [0x000000042aa00000, 0x000000043b700000, 0x000000057ff80000)
  object space 275456K, 99% used [0x000000042aa00000,0x000000043b6ed420,0x000000043b700000)
 Metaspace       used 141073K, committed 143552K, reserved 1179648K
  class space    used 19287K, committed 20416K, reserved 1048576K
}
Event: 45.516 GC heap before
{Heap before GC invocations=47 (full 4):
 PSYoungGen      total 269824K, used 259882K [0x000000057ff80000, 0x0000000592000000, 0x000000062aa00000)
  eden space 246272K, 100% used [0x000000057ff80000,0x000000058f000000,0x000000058f000000)
  from space 23552K, 57% used [0x0000000590900000,0x000000059164ab18,0x0000000592000000)
  to   space 24576K, 0% used [0x000000058f000000,0x000000058f000000,0x0000000590800000)
 ParOldGen       total 275456K, used 275381K [0x000000042aa00000, 0x000000043b700000, 0x000000057ff80000)
  object space 275456K, 99% used [0x000000042aa00000,0x000000043b6ed420,0x000000043b700000)
 Metaspace       used 141251K, committed 143680K, reserved 1179648K
  class space    used 19297K, committed 20416K, reserved 1048576K
}
Event: 45.630 GC heap after
{Heap after GC invocations=47 (full 4):
 PSYoungGen      total 270848K, used 19256K [0x000000057ff80000, 0x0000000595800000, 0x000000062aa00000)
  eden space 246272K, 0% used [0x000000057ff80000,0x000000057ff80000,0x000000058f000000)
  from space 24576K, 78% used [0x000000058f000000,0x00000005902ce288,0x0000000590800000)
  to   space 26112K, 0% used [0x0000000593e80000,0x0000000593e80000,0x0000000595800000)
 ParOldGen       total 286208K, used 285896K [0x000000042aa00000, 0x000000043c180000, 0x000000057ff80000)
  object space 286208K, 99% used [0x000000042aa00000,0x000000043c132150,0x000000043c180000)
 Metaspace       used 141251K, committed 143680K, reserved 1179648K
  class space    used 19297K, committed 20416K, reserved 1048576K
}

